[16144:259:0327/215213.729039:WARNING:chrome_main_delegate.cc(740)] This is Chrome version 123.0.6312.87 (not a warning)
[16144:259:0327/215214.272855:INFO:policy_logger.cc(145)] :components/enterprise/browser/controller/chrome_browser_cloud_management_controller.cc(168) Starting CBCM Controller Initialization
[16144:259:0327/215214.272886:INFO:policy_logger.cc(145)] :components/enterprise/browser/controller/chrome_browser_cloud_management_controller.cc(196) No machine level policy manager exists.
[16144:259:0327/215216.739474:INFO:CONSOLE(18)] "BSSO Telemetry: {"result":"Error","error":"NoExtension","type":"ChromeSsoTelemetry","data":{},"traces":["BrowserSSO Initialized","Creating ChromeBrowserCore provider","Sending message for method CreateProviderAsync","Received message for method CreateProviderAsync","Error: ChromeBrowserCore error NoExtension: Extension is not installed."]}", source: https://aadcdn.msauth.net/shared/1.0/content/js/BssoInterrupt_Core_HC7t4HZ_o96i0-T341lIwg2.js (18)
[16144:259:0327/215218.283818:INFO:CONSOLE(15)] "An iframe which has both allow-scripts and allow-same-origin for its sandbox attribute can escape its sandboxing.", source: https://me.northeastern.edu/_next/static/chunks/483-9cd89a2bfca52219.js (15)
[16144:259:0327/215218.762316:INFO:CONSOLE(0)] "An iframe which has both allow-scripts and allow-same-origin for its sandbox attribute can escape its sandboxing.", source: https://me.northeastern.edu/#code=0.AVkAgcLuqKOqrk2sm5o5i5IV5z0-x3sJXc5MuNedhGsOhjZZAII.AgABAAIAAADnfolhJpSnRYB1SVj-Hgd8AgDs_wUA9P9ZvpMZpNxw29sG3zvngzIuN2AVorHoTQUMgbMz9GKK1MRhxM3MvUvHD2IQ-gFgyoAmGIN0WSNP1o3i0WJ90vDhAaJICjpcjWxYP5hvaF4uoTBkQIwzbN3EGbFWnEBV8rsgj07fywkXrMaWrRP3tMmx-NAjIQ4iaHu3Xk7s4sGHkTWFemBfI_UEWsJYicYcmRZfmg5a-HMzbBoTev6lpKNvMAXfXJqMNL6csM1qoxw-v5rgkv1n-0Q9prIRypsH6aiZEYqsuxCoS5hNpqJz85_xyi_7iHfFQw2JZbkRYHzmZz4M_P4_kTlh4SV4p4xyRTKssmnBPahCvG6I7_jUQzgKJmQZSbtmfqoPgugMr5ukVGP_5hkZYv3mBK_Bgv5W4USFM7ByAL9dLjIM5XA0PBsRg2qRaO-CAsXisz_8MEL9bqagTYm-vb3KXzRHgh2lk8sQPVtEODQyzCHnhdD2KmKomX705N1u3Bgm4JKXno1IB2qs4p1HwCh-5N7bIkeUa27UwNXUiuWWknWQiutApgFI2ReG6LisPv5AtrvNWlbCvVoCydC6MKWfxctcnGUiYtlIDNoDOwRInsHKtTjb6y9UVp91Q4qU8_F0SvIseuW3S0QzlNS8pudrnZjIBijjfSLgkgWrfnQOyrUNyJrRZI2oFnhcTnFKXyQbAOpPTTbuxa8ggDb8KMHYDO_Qx17PjV3RZZou85VH3CdSf1NlhPKooMseViBllBpA-l6-CG8KVSIYPgjfEzw1sNTM5nWB0pHtGY3J2uYYStsGUpvrdxKtiNhXh_RHShPEnQk3819BsHKh0x6DmKDBUfQUFHuM46DxTrnLCQtGiU__hySkqoV9ofv6v65p019bvcBFO9RnRddsK1AY_iWBSXtQOyPxtvih7RmdaOsfp_NoweN_rF8yM63UVCnyk4CYgT8AdIoyNXqhpoX4_B5qibwHCp9MZ1VkL08P&client_info=eyJ1aWQiOiI1ZjhlMDg0MC1mNjU1LTRlNDEtYTY2ZC02MWE4OGQyZjRjNmEiLCJ1dGlkIjoiYThlZWMyODEtYWFhMy00ZGFlLWFjOWItOWEzOThiOTIxNWU3In0&state=eyJpZCI6IjNkZTJjNGJlLTZhMTEtNGZlZC05MGU5LTBmOGIzMzA4YTlhMSIsIm1ldGEiOnsiaW50ZXJhY3Rpb25UeXBlIjoic2lsZW50In19&session_state=f526847d-e4b7-475a-aa13-42f14b7593fd (0)
[16144:259:0327/215218.765328:INFO:CONSOLE(0)] "Third-party cookie will be blocked. Learn more in the Issues tab.", source: https://me.northeastern.edu/ (0)
[16144:259:0327/215218.765426:INFO:CONSOLE(0)] "Third-party cookie will be blocked. Learn more in the Issues tab.", source: https://me.northeastern.edu/ (0)
[16144:259:0327/215218.765459:INFO:CONSOLE(0)] "Third-party cookie will be blocked. Learn more in the Issues tab.", source: https://me.northeastern.edu/ (0)
[16144:259:0327/215218.765495:INFO:CONSOLE(0)] "Third-party cookie will be blocked. Learn more in the Issues tab.", source: https://me.northeastern.edu/ (0)
[16144:259:0327/215218.765532:INFO:CONSOLE(0)] "Third-party cookie will be blocked. Learn more in the Issues tab.", source: https://me.northeastern.edu/ (0)
[16144:259:0327/215218.765567:INFO:CONSOLE(0)] "Third-party cookie will be blocked. Learn more in the Issues tab.", source: https://me.northeastern.edu/ (0)
[16144:259:0327/215218.765597:INFO:CONSOLE(0)] "Third-party cookie will be blocked. Learn more in the Issues tab.", source: https://me.northeastern.edu/ (0)
[16144:259:0327/215218.765634:INFO:CONSOLE(0)] "Third-party cookie will be blocked. Learn more in the Issues tab.", source: https://me.northeastern.edu/ (0)
[16144:259:0327/215218.765690:INFO:CONSOLE(0)] "Third-party cookie will be blocked. Learn more in the Issues tab.", source: https://me.northeastern.edu/ (0)
[16144:259:0327/215218.765862:INFO:CONSOLE(0)] "Third-party cookie will be blocked. Learn more in the Issues tab.", source: https://me.northeastern.edu/ (0)
[16144:259:0327/215218.765900:INFO:CONSOLE(0)] "Third-party cookie will be blocked. Learn more in the Issues tab.", source: https://me.northeastern.edu/ (0)
[16144:259:0327/215218.765952:INFO:CONSOLE(0)] "Third-party cookie will be blocked. Learn more in the Issues tab.", source: https://me.northeastern.edu/ (0)
[16144:259:0327/215218.765987:INFO:CONSOLE(0)] "Third-party cookie will be blocked. Learn more in the Issues tab.", source: https://me.northeastern.edu/ (0)
[16144:259:0327/215218.766016:INFO:CONSOLE(0)] "Third-party cookie will be blocked. Learn more in the Issues tab.", source: https://me.northeastern.edu/ (0)
[16144:259:0327/215218.766043:INFO:CONSOLE(0)] "Third-party cookie will be blocked. Learn more in the Issues tab.", source: https://me.northeastern.edu/ (0)
[16144:259:0327/215218.766070:INFO:CONSOLE(0)] "Third-party cookie will be blocked. Learn more in the Issues tab.", source: https://me.northeastern.edu/ (0)
[16144:259:0327/215218.766105:INFO:CONSOLE(0)] "Third-party cookie will be blocked. Learn more in the Issues tab.", source: https://me.northeastern.edu/ (0)
[16144:259:0327/215218.766142:INFO:CONSOLE(0)] "Third-party cookie will be blocked. Learn more in the Issues tab.", source: https://me.northeastern.edu/ (0)
[16144:259:0327/215218.766178:INFO:CONSOLE(0)] "Third-party cookie will be blocked. Learn more in the Issues tab.", source: https://me.northeastern.edu/ (0)
[16144:259:0327/215218.766228:INFO:CONSOLE(0)] "Third-party cookie will be blocked. Learn more in the Issues tab.", source: https://me.northeastern.edu/ (0)
[16144:259:0327/215218.766268:INFO:CONSOLE(0)] "Third-party cookie will be blocked. Learn more in the Issues tab.", source: https://me.northeastern.edu/ (0)
[16144:259:0327/215218.766303:INFO:CONSOLE(0)] "Third-party cookie will be blocked. Learn more in the Issues tab.", source: https://me.northeastern.edu/ (0)
[16144:259:0327/215218.766330:INFO:CONSOLE(0)] "Third-party cookie will be blocked. Learn more in the Issues tab.", source: https://me.northeastern.edu/ (0)
[16144:259:0327/215218.766362:INFO:CONSOLE(0)] "Third-party cookie will be blocked. Learn more in the Issues tab.", source: https://me.northeastern.edu/ (0)
[16144:259:0327/215218.766390:INFO:CONSOLE(0)] "Third-party cookie will be blocked. Learn more in the Issues tab.", source: https://me.northeastern.edu/ (0)
[16144:259:0327/215218.766423:INFO:CONSOLE(0)] "Third-party cookie will be blocked. Learn more in the Issues tab.", source: https://me.northeastern.edu/ (0)
[16144:259:0327/215218.790656:INFO:CONSOLE(1)] "Acquiring token by redirect ...", source: https://me.northeastern.edu/_next/static/chunks/app/layout-c9bc80e5d7460927.js (1)
[16144:259:0327/215218.793342:INFO:CONSOLE(15)] "Uncaught (in promise) BrowserAuthError: redirect_in_iframe: Redirects are not supported for iframed or brokered applications. Please ensure you are using MSAL.js in a top frame of the window if using the redirect APIs, or use the popup APIs.", source: https://me.northeastern.edu/_next/static/chunks/483-9cd89a2bfca52219.js (15)
[16144:259:0327/215220.829332:INFO:CONSOLE(14)] "An iframe which has both allow-scripts and allow-same-origin for its sandbox attribute can escape its sandboxing.", source: https://student.me.northeastern.edu/_next/static/chunks/1806-46d4dc30bd3bee8d.js (14)
[16144:259:0327/215220.832853:INFO:CONSOLE(14)] "An iframe which has both allow-scripts and allow-same-origin for its sandbox attribute can escape its sandboxing.", source: https://student.me.northeastern.edu/_next/static/chunks/1806-46d4dc30bd3bee8d.js (14)
[16144:259:0327/215220.835553:INFO:CONSOLE(14)] "An iframe which has both allow-scripts and allow-same-origin for its sandbox attribute can escape its sandboxing.", source: https://student.me.northeastern.edu/_next/static/chunks/1806-46d4dc30bd3bee8d.js (14)
[16144:259:0327/215220.837171:INFO:CONSOLE(14)] "An iframe which has both allow-scripts and allow-same-origin for its sandbox attribute can escape its sandboxing.", source: https://student.me.northeastern.edu/_next/static/chunks/1806-46d4dc30bd3bee8d.js (14)
[16144:259:0327/215221.019685:INFO:CONSOLE(0)] "An iframe which has both allow-scripts and allow-same-origin for its sandbox attribute can escape its sandboxing.", source: https://student.me.northeastern.edu/#code=0.AVkAgcLuqKOqrk2sm5o5i5IV5xVCynntEFpPlRpfORu054FZAII.AgABAAIAAADnfolhJpSnRYB1SVj-Hgd8AgDs_wUA9P8dQbqjLbznrAQeX_vqYZVc8YMg61SeFKPfSPMdmpXMyB5y6b5kAGPvHr5dGk2uDDcwtLxkt7XCS3Ffn5f_zRlnmmKQRUTIezShJGipyVbSUJIO6k_AFS16cp0jS-gdRXOsiJuCIHAwX9hG2RN2g8q55zp7OKkWv7YuWK34EmOxdR7FqsKSD2t3kYExLf7X4eB4rE5VQ0YwtiOhj72ucviaF_OWUvFTFcbKZw-9Oq7TPOAnjlDdqqNtLEOJmDchuOVSmAgB_IS0Au5RJBwCyKuJDsmdtNMtd9A9Cb5wrx5fB4z_TavqfKlCAgy8tTHL3EF2uukgHH5tzQd0L_eR_SoD_uYuMbwwg6UiYNID9b-48ygCmJV7dEpDynYB7sRJ07CF4-BLNqXsThQJDiU--QoIuX1CyaQ5W5A29HnPl7SAUkG7RXaiRvSO4tUQb5D6wyAG49X9xWn6oUT1LXoK4QoTia3YvB4f3KwNfKuuvKS7VxIVQO61A89cN2jpfKkN0wx1jc-uOyUfmF1rIj7--z3POP6rHUNR1q78uPUr_dvhhXHfQTpK7i1dwJ6yeBqPP_sunQTo035HaIIGnNUIJzROoysCLrqcLQLknL1_QIjWOqxE0wLr-DraqZvTBQZfBULiZUf8krl1PgpxsD2_KdkkvJcdIx4qTO6WJJNXJUYFgtDDnGIMilrKS8aH09naJm_DfK25NOtf_fAdfOqrNd3wvY-rVHpkvDTQGSPbXbd3vCxdfz1QiDBsgkXofA1lYvu2ogIGfuxxkG2j4bmSlbvezWpI_ZhrCeutOPoNdoUnZPsUjseE0JYBkwtNCOA6UswP6a0PjdzN-LJJwIOJIBwZpDmz9bl0WbD7YuUdJQblpuuApKG2UCJSqawWLKoKoASeNRJuOggSwS-8-TM1qg9S-se-ZJrBO1qXiEalcAsiUpwJy1yBb9JRgpOJeh9TRr_iVMGFmwrx&client_info=eyJ1aWQiOiI1ZjhlMDg0MC1mNjU1LTRlNDEtYTY2ZC02MWE4OGQyZjRjNmEiLCJ1dGlkIjoiYThlZWMyODEtYWFhMy00ZGFlLWFjOWItOWEzOThiOTIxNWU3In0&state=eyJpZCI6ImRjNmVkY2EzLTRiMWItNDNiMy1iMWIzLWEyNzhhMGIwMWY5ZCIsIm1ldGEiOnsiaW50ZXJhY3Rpb25UeXBlIjoic2lsZW50In19&session_state=f526847d-e4b7-475a-aa13-42f14b7593fd (0)
[16144:259:0327/215221.021691:INFO:CONSOLE(0)] "Third-party cookie will be blocked. Learn more in the Issues tab.", source: https://student.me.northeastern.edu/ (0)
[16144:259:0327/215221.021736:INFO:CONSOLE(0)] "Third-party cookie will be blocked. Learn more in the Issues tab.", source: https://student.me.northeastern.edu/ (0)
[16144:259:0327/215221.021749:INFO:CONSOLE(0)] "Third-party cookie will be blocked. Learn more in the Issues tab.", source: https://student.me.northeastern.edu/ (0)
[16144:259:0327/215221.021758:INFO:CONSOLE(0)] "Third-party cookie will be blocked. Learn more in the Issues tab.", source: https://student.me.northeastern.edu/ (0)
[16144:259:0327/215221.021767:INFO:CONSOLE(0)] "Third-party cookie will be blocked. Learn more in the Issues tab.", source: https://student.me.northeastern.edu/ (0)
[16144:259:0327/215221.021775:INFO:CONSOLE(0)] "Third-party cookie will be blocked. Learn more in the Issues tab.", source: https://student.me.northeastern.edu/ (0)
[16144:259:0327/215221.021785:INFO:CONSOLE(0)] "Third-party cookie will be blocked. Learn more in the Issues tab.", source: https://student.me.northeastern.edu/ (0)
[16144:259:0327/215221.021794:INFO:CONSOLE(0)] "Third-party cookie will be blocked. Learn more in the Issues tab.", source: https://student.me.northeastern.edu/ (0)
[16144:259:0327/215221.021802:INFO:CONSOLE(0)] "Third-party cookie will be blocked. Learn more in the Issues tab.", source: https://student.me.northeastern.edu/ (0)
[16144:259:0327/215221.021810:INFO:CONSOLE(0)] "Third-party cookie will be blocked. Learn more in the Issues tab.", source: https://student.me.northeastern.edu/ (0)
[16144:259:0327/215221.021818:INFO:CONSOLE(0)] "Third-party cookie will be blocked. Learn more in the Issues tab.", source: https://student.me.northeastern.edu/ (0)
[16144:259:0327/215221.021828:INFO:CONSOLE(0)] "Third-party cookie will be blocked. Learn more in the Issues tab.", source: https://student.me.northeastern.edu/ (0)
[16144:259:0327/215221.021836:INFO:CONSOLE(0)] "Third-party cookie will be blocked. Learn more in the Issues tab.", source: https://student.me.northeastern.edu/ (0)
[16144:259:0327/215221.021843:INFO:CONSOLE(0)] "Third-party cookie will be blocked. Learn more in the Issues tab.", source: https://student.me.northeastern.edu/ (0)
[16144:259:0327/215221.021903:INFO:CONSOLE(0)] "Third-party cookie will be blocked. Learn more in the Issues tab.", source: https://student.me.northeastern.edu/ (0)
[16144:259:0327/215221.021914:INFO:CONSOLE(0)] "Third-party cookie will be blocked. Learn more in the Issues tab.", source: https://student.me.northeastern.edu/ (0)
[16144:259:0327/215221.021924:INFO:CONSOLE(0)] "Third-party cookie will be blocked. Learn more in the Issues tab.", source: https://student.me.northeastern.edu/ (0)
[16144:259:0327/215221.021935:INFO:CONSOLE(0)] "Third-party cookie will be blocked. Learn more in the Issues tab.", source: https://student.me.northeastern.edu/ (0)
[16144:259:0327/215221.021945:INFO:CONSOLE(0)] "Third-party cookie will be blocked. Learn more in the Issues tab.", source: https://student.me.northeastern.edu/ (0)
[16144:259:0327/215221.021955:INFO:CONSOLE(0)] "Third-party cookie will be blocked. Learn more in the Issues tab.", source: https://student.me.northeastern.edu/ (0)
[16144:259:0327/215221.021964:INFO:CONSOLE(0)] "Third-party cookie will be blocked. Learn more in the Issues tab.", source: https://student.me.northeastern.edu/ (0)
[16144:259:0327/215221.021972:INFO:CONSOLE(0)] "Third-party cookie will be blocked. Learn more in the Issues tab.", source: https://student.me.northeastern.edu/ (0)
[16144:259:0327/215221.021982:INFO:CONSOLE(0)] "Third-party cookie will be blocked. Learn more in the Issues tab.", source: https://student.me.northeastern.edu/ (0)
[16144:259:0327/215221.021990:INFO:CONSOLE(0)] "Third-party cookie will be blocked. Learn more in the Issues tab.", source: https://student.me.northeastern.edu/ (0)
[16144:259:0327/215221.021997:INFO:CONSOLE(0)] "Third-party cookie will be blocked. Learn more in the Issues tab.", source: https://student.me.northeastern.edu/ (0)
[16144:259:0327/215221.022006:INFO:CONSOLE(0)] "Third-party cookie will be blocked. Learn more in the Issues tab.", source: https://student.me.northeastern.edu/ (0)
[16144:259:0327/215221.079353:INFO:CONSOLE(0)] "An iframe which has both allow-scripts and allow-same-origin for its sandbox attribute can escape its sandboxing.", source: https://student.me.northeastern.edu/#code=0.AVkAgcLuqKOqrk2sm5o5i5IV5xVCynntEFpPlRpfORu054FZAII.AgABAAIAAADnfolhJpSnRYB1SVj-Hgd8AgDs_wUA9P8zKZ0FHzoxsscKKcBEMzmXEwDgjVotkg37VWQzEh-pzJfH9vuyBTuD7i-TDDAzW7pNpZ5RVSwbzNXeKyKymrCp1riQuY0tVg6_0N9yMVQ95ZYek738U0_LFYsAThlfMU6YeEXKQQLZnpcD0Kiu72UdOeNvFCPXR025_7uuy9jNXuDc_viP_X8j-7rvcH2h2pW39ojJxZRdQJcBNJFxfJk3wFJBQYMgCH8f4Uj1f7lA2yrqMvs9AvA-sVTqykxxIYrA14rAFgMeuSdJV-IyXWoYeHK7zX3yctSRwrCrezPwn0HKIFAzox2RHt5ftyOlobN5uwDBxolLufsJZ6zC6MXxBRt9WYSSsa4Fa8nIy33EtxY9UiGYxPoSbHTwbIgVfDj6ad1HDmWdmBH5LKHDBrcwpF8kmHCxYH-qV9urp5NsC56dAAOp24vkzcn7EuoYtx_sIF703DrVhNkDpRVCh0qHLwjcUY0O1-yKBRpLJyCggTrBkFI0L9eE7U75IYVypZlz-JQ5wuBq6LSZ0DWm7WLCpmZFzRwLWDfx6QCIbPsBlvbrSuV9LX8xLf4P_KUVtV-G89Bc_X_ZFrilmLYuseuk4UgmZzby5-hWmpalrWBkX-ZytnZ3GT0fIJ2L0lJlljiTb1BLHyr-92r3hAfk5CGPVrngd9vnmMRalKoz3r-yPiLyz1bKWllg4Pm8cqWnItkVPLrR8EIKb-FCQ_sAufwew2UuKO51PcRkXzMkBPDSVLCQqYGf9FXIjimliAi70O99nBPOuLD2AD_yTnlc5pTDWe5ZC27I6kdagSgSFvVzCMg8IK29m74EWrOgdUTiwLRFRF_VPb4iCDw3TeRqnMzVoimSsA6jNuri-4RkBDqh6tsWXQZ0Yst903igYIkbpJDiB_WrzJiMici6Z1pkY16oYa914FF0FoQM4En03WVta7Gr_2l-1L_iqVc3kk3XlSQBiw&client_info=eyJ1aWQiOiI1ZjhlMDg0MC1mNjU1LTRlNDEtYTY2ZC02MWE4OGQyZjRjNmEiLCJ1dGlkIjoiYThlZWMyODEtYWFhMy00ZGFlLWFjOWItOWEzOThiOTIxNWU3In0&state=eyJpZCI6IjgyMTZiMGIwLTI0MTUtNDcyNS1iMTY5LTBiMjI1ZjY2ZTAwOCIsIm1ldGEiOnsiaW50ZXJhY3Rpb25UeXBlIjoic2lsZW50In19&session_state=f526847d-e4b7-475a-aa13-42f14b7593fd (0)
[16144:259:0327/215221.081514:INFO:CONSOLE(0)] "Third-party cookie will be blocked. Learn more in the Issues tab.", source: https://student.me.northeastern.edu/ (0)
[16144:259:0327/215221.081552:INFO:CONSOLE(0)] "Third-party cookie will be blocked. Learn more in the Issues tab.", source: https://student.me.northeastern.edu/ (0)
[16144:259:0327/215221.081564:INFO:CONSOLE(0)] "Third-party cookie will be blocked. Learn more in the Issues tab.", source: https://student.me.northeastern.edu/ (0)
[16144:259:0327/215221.081613:INFO:CONSOLE(0)] "Third-party cookie will be blocked. Learn more in the Issues tab.", source: https://student.me.northeastern.edu/ (0)
[16144:259:0327/215221.081623:INFO:CONSOLE(0)] "Third-party cookie will be blocked. Learn more in the Issues tab.", source: https://student.me.northeastern.edu/ (0)
[16144:259:0327/215221.081631:INFO:CONSOLE(0)] "Third-party cookie will be blocked. Learn more in the Issues tab.", source: https://student.me.northeastern.edu/ (0)
[16144:259:0327/215221.081640:INFO:CONSOLE(0)] "Third-party cookie will be blocked. Learn more in the Issues tab.", source: https://student.me.northeastern.edu/ (0)
[16144:259:0327/215221.081652:INFO:CONSOLE(0)] "Third-party cookie will be blocked. Learn more in the Issues tab.", source: https://student.me.northeastern.edu/ (0)
[16144:259:0327/215221.081662:INFO:CONSOLE(0)] "Third-party cookie will be blocked. Learn more in the Issues tab.", source: https://student.me.northeastern.edu/ (0)
[16144:259:0327/215221.081673:INFO:CONSOLE(0)] "Third-party cookie will be blocked. Learn more in the Issues tab.", source: https://student.me.northeastern.edu/ (0)
[16144:259:0327/215221.081681:INFO:CONSOLE(0)] "Third-party cookie will be blocked. Learn more in the Issues tab.", source: https://student.me.northeastern.edu/ (0)
[16144:259:0327/215221.081689:INFO:CONSOLE(0)] "Third-party cookie will be blocked. Learn more in the Issues tab.", source: https://student.me.northeastern.edu/ (0)
[16144:259:0327/215221.081698:INFO:CONSOLE(0)] "Third-party cookie will be blocked. Learn more in the Issues tab.", source: https://student.me.northeastern.edu/ (0)
[16144:259:0327/215221.081706:INFO:CONSOLE(0)] "Third-party cookie will be blocked. Learn more in the Issues tab.", source: https://student.me.northeastern.edu/ (0)
[16144:259:0327/215221.081716:INFO:CONSOLE(0)] "Third-party cookie will be blocked. Learn more in the Issues tab.", source: https://student.me.northeastern.edu/ (0)
[16144:259:0327/215221.081725:INFO:CONSOLE(0)] "Third-party cookie will be blocked. Learn more in the Issues tab.", source: https://student.me.northeastern.edu/ (0)
[16144:259:0327/215221.081733:INFO:CONSOLE(0)] "Third-party cookie will be blocked. Learn more in the Issues tab.", source: https://student.me.northeastern.edu/ (0)
[16144:259:0327/215221.081742:INFO:CONSOLE(0)] "Third-party cookie will be blocked. Learn more in the Issues tab.", source: https://student.me.northeastern.edu/ (0)
[16144:259:0327/215221.081751:INFO:CONSOLE(0)] "Third-party cookie will be blocked. Learn more in the Issues tab.", source: https://student.me.northeastern.edu/ (0)
[16144:259:0327/215221.081758:INFO:CONSOLE(0)] "Third-party cookie will be blocked. Learn more in the Issues tab.", source: https://student.me.northeastern.edu/ (0)
[16144:259:0327/215221.081765:INFO:CONSOLE(0)] "Third-party cookie will be blocked. Learn more in the Issues tab.", source: https://student.me.northeastern.edu/ (0)
[16144:259:0327/215221.081779:INFO:CONSOLE(0)] "Third-party cookie will be blocked. Learn more in the Issues tab.", source: https://student.me.northeastern.edu/ (0)
[16144:259:0327/215221.081788:INFO:CONSOLE(0)] "Third-party cookie will be blocked. Learn more in the Issues tab.", source: https://student.me.northeastern.edu/ (0)
[16144:259:0327/215221.081798:INFO:CONSOLE(0)] "Third-party cookie will be blocked. Learn more in the Issues tab.", source: https://student.me.northeastern.edu/ (0)
[16144:259:0327/215221.081806:INFO:CONSOLE(0)] "Third-party cookie will be blocked. Learn more in the Issues tab.", source: https://student.me.northeastern.edu/ (0)
[16144:259:0327/215221.081817:INFO:CONSOLE(0)] "Third-party cookie will be blocked. Learn more in the Issues tab.", source: https://student.me.northeastern.edu/ (0)
[16144:259:0327/215221.086193:INFO:CONSOLE(1)] "BrowserAuthError: block_iframe_reload: Request was blocked inside an iframe because MSAL detected an authentication response.  For more visit: aka.ms/msaljs/browser-errors", source: https://student.me.northeastern.edu/_next/static/chunks/app/page-d23a476a7f68cd68.js (1)
[16144:259:0327/215221.086738:INFO:CONSOLE(1)] "Acquiring token by redirect ...", source: https://student.me.northeastern.edu/_next/static/chunks/app/page-d23a476a7f68cd68.js (1)
[16144:259:0327/215221.088351:INFO:CONSOLE(1)] "BrowserAuthError: block_iframe_reload: Request was blocked inside an iframe because MSAL detected an authentication response.  For more visit: aka.ms/msaljs/browser-errors", source: https://student.me.northeastern.edu/_next/static/chunks/app/page-d23a476a7f68cd68.js (1)
[16144:259:0327/215221.088489:INFO:CONSOLE(1)] "Acquiring token by redirect ...", source: https://student.me.northeastern.edu/_next/static/chunks/app/page-d23a476a7f68cd68.js (1)
[16144:259:0327/215221.088667:INFO:CONSOLE(1)] "BrowserAuthError: block_iframe_reload: Request was blocked inside an iframe because MSAL detected an authentication response.  For more visit: aka.ms/msaljs/browser-errors", source: https://student.me.northeastern.edu/_next/static/chunks/app/page-d23a476a7f68cd68.js (1)
[16144:259:0327/215221.088719:INFO:CONSOLE(1)] "Acquiring token by redirect ...", source: https://student.me.northeastern.edu/_next/static/chunks/app/page-d23a476a7f68cd68.js (1)
[16144:259:0327/215221.088734:INFO:CONSOLE(1)] "BrowserAuthError: block_iframe_reload: Request was blocked inside an iframe because MSAL detected an authentication response.  For more visit: aka.ms/msaljs/browser-errors", source: https://student.me.northeastern.edu/_next/static/chunks/app/page-d23a476a7f68cd68.js (1)
[16144:259:0327/215221.106456:INFO:CONSOLE(1)] "Acquiring token by redirect ...", source: https://student.me.northeastern.edu/_next/static/chunks/app/page-d23a476a7f68cd68.js (1)
[16144:259:0327/215221.106544:INFO:CONSOLE(1)] "BrowserAuthError: block_iframe_reload: Request was blocked inside an iframe because MSAL detected an authentication response.  For more visit: aka.ms/msaljs/browser-errors", source: https://student.me.northeastern.edu/_next/static/chunks/app/page-d23a476a7f68cd68.js (1)
[16144:259:0327/215221.106591:INFO:CONSOLE(1)] "Acquiring token by redirect ...", source: https://student.me.northeastern.edu/_next/static/chunks/app/page-d23a476a7f68cd68.js (1)
[16144:259:0327/215221.106621:INFO:CONSOLE(1)] "BrowserAuthError: block_iframe_reload: Request was blocked inside an iframe because MSAL detected an authentication response.  For more visit: aka.ms/msaljs/browser-errors", source: https://student.me.northeastern.edu/_next/static/chunks/app/page-d23a476a7f68cd68.js (1)
[16144:259:0327/215221.106651:INFO:CONSOLE(1)] "Acquiring token by redirect ...", source: https://student.me.northeastern.edu/_next/static/chunks/app/page-d23a476a7f68cd68.js (1)
[16144:259:0327/215221.106684:INFO:CONSOLE(1)] "BrowserAuthError: block_iframe_reload: Request was blocked inside an iframe because MSAL detected an authentication response.  For more visit: aka.ms/msaljs/browser-errors", source: https://student.me.northeastern.edu/_next/static/chunks/app/page-d23a476a7f68cd68.js (1)
[16144:259:0327/215221.106713:INFO:CONSOLE(1)] "Acquiring token by redirect ...", source: https://student.me.northeastern.edu/_next/static/chunks/app/page-d23a476a7f68cd68.js (1)
[16144:259:0327/215221.106741:INFO:CONSOLE(1)] "BrowserAuthError: block_iframe_reload: Request was blocked inside an iframe because MSAL detected an authentication response.  For more visit: aka.ms/msaljs/browser-errors", source: https://student.me.northeastern.edu/_next/static/chunks/app/page-d23a476a7f68cd68.js (1)
[16144:259:0327/215221.106770:INFO:CONSOLE(1)] "Acquiring token by redirect ...", source: https://student.me.northeastern.edu/_next/static/chunks/app/page-d23a476a7f68cd68.js (1)
[16144:259:0327/215221.106976:INFO:CONSOLE(0)] "An iframe which has both allow-scripts and allow-same-origin for its sandbox attribute can escape its sandboxing.", source: https://student.me.northeastern.edu/#code=0.AVkAgcLuqKOqrk2sm5o5i5IV5xVCynntEFpPlRpfORu054FZAII.AgABAAIAAADnfolhJpSnRYB1SVj-Hgd8AgDs_wUA9P9wO-uf92Azyl7hD8B5XMAWoJB-ArXm-gALCgEDZrCwBZ-LKP1n2JLKSBFNUxWEq67U-ww2GxBLBoWyF3njC9CKB8rkc3LPBK6luS5qMClPlHuKjz4H0lS95idEDNgepKbGnH0dfrbb5-3y6CYzBATAECpyCLnJ4tAV7TMSPRekLwxfp1yHCaUYhkEqdgTcZRdUHGWCx7QJybDy_3zxGEom-cb_8BrBnypRK7CVMaojqpZbu7z0XYLuIrngs9BlY2Xh4hbv3zmB2VOszC9pa5FXRdJDhD3xLKASXBiUbz_jjE-5WKJ-NlxYF9vVUaJUTifS2P6Q6rHliYqusVvct2xxJTPcm36DY2BiMTGQN2d7DuFf7S94m38rEU-e_schsoxz9iWtotOcMtzp7Mg6Od7Te3wilp1LRI4O3eqREbuVqTyObx_yvXgtziHaZdpqIcghXgTOBCzyvEv1XPThSOjW3ivCdakVkajOtBnj5b2eZAnlK9g3hFgztEhtPXLO-go6DzLi0UNw-fqSoVj6YmpVn68roEUHZwRDc2X51sPf8DlB_WIU33QLPrGHumcDqJjVObGw3xFfq8QwPOMeVQ7GZP-IB8Wn2cyqKODEBBYM1fb7U8Wo9SzeUkWGmbAIR1Gqq4DxPuw6pfS5k6NyZQTiWXzJHsUIlhTtVPfqtjLCVnzEZTtpUjAsRHqy8EJY7zDiB3YmeFTSUAgLxlNSWMFqqS7VA1Nznz_xJGUz4IJ4Dax_g5eiP8ent9kktVFUxRsJybrGq8fpRPLA11jVD-bhhScjbyQcYNbOX2LcmaCTX6pa4P-yTIUBVYwIr7B6qZa9fuf-MMfBhPIB5I7vqj3NO2ndWphThRGCm793go2mMTZa_giM29IixlMYKLdfb09XxzhOYj7hZ_CUOFUTWPhDJqWviLCgLLFef-eJWziX9To2NcNzcfmPOlOG73253Xf7SCT6Z6-6&client_info=eyJ1aWQiOiI1ZjhlMDg0MC1mNjU1LTRlNDEtYTY2ZC02MWE4OGQyZjRjNmEiLCJ1dGlkIjoiYThlZWMyODEtYWFhMy00ZGFlLWFjOWItOWEzOThiOTIxNWU3In0&state=eyJpZCI6ImE1ODRkM2Y4LTRiMGItNDIxMS05MThmLTE1NWZiOTFmZDZlOCIsIm1ldGEiOnsiaW50ZXJhY3Rpb25UeXBlIjoic2lsZW50In19&session_state=f526847d-e4b7-475a-aa13-42f14b7593fd (0)
[16144:259:0327/215221.108151:INFO:CONSOLE(0)] "Third-party cookie will be blocked. Learn more in the Issues tab.", source: https://student.me.northeastern.edu/ (0)
[16144:259:0327/215221.108234:INFO:CONSOLE(0)] "Third-party cookie will be blocked. Learn more in the Issues tab.", source: https://student.me.northeastern.edu/ (0)
[16144:259:0327/215221.108264:INFO:CONSOLE(0)] "Third-party cookie will be blocked. Learn more in the Issues tab.", source: https://student.me.northeastern.edu/ (0)
[16144:259:0327/215221.108293:INFO:CONSOLE(0)] "Third-party cookie will be blocked. Learn more in the Issues tab.", source: https://student.me.northeastern.edu/ (0)
[16144:259:0327/215221.108321:INFO:CONSOLE(0)] "Third-party cookie will be blocked. Learn more in the Issues tab.", source: https://student.me.northeastern.edu/ (0)
[16144:259:0327/215221.108349:INFO:CONSOLE(0)] "Third-party cookie will be blocked. Learn more in the Issues tab.", source: https://student.me.northeastern.edu/ (0)
[16144:259:0327/215221.108375:INFO:CONSOLE(0)] "Third-party cookie will be blocked. Learn more in the Issues tab.", source: https://student.me.northeastern.edu/ (0)
[16144:259:0327/215221.108404:INFO:CONSOLE(0)] "Third-party cookie will be blocked. Learn more in the Issues tab.", source: https://student.me.northeastern.edu/ (0)
[16144:259:0327/215221.108431:INFO:CONSOLE(0)] "Third-party cookie will be blocked. Learn more in the Issues tab.", source: https://student.me.northeastern.edu/ (0)
[16144:259:0327/215221.108457:INFO:CONSOLE(0)] "Third-party cookie will be blocked. Learn more in the Issues tab.", source: https://student.me.northeastern.edu/ (0)
[16144:259:0327/215221.108659:INFO:CONSOLE(0)] "Third-party cookie will be blocked. Learn more in the Issues tab.", source: https://student.me.northeastern.edu/ (0)
[16144:259:0327/215221.108806:INFO:CONSOLE(0)] "Third-party cookie will be blocked. Learn more in the Issues tab.", source: https://student.me.northeastern.edu/ (0)
[16144:259:0327/215221.108843:INFO:CONSOLE(0)] "Third-party cookie will be blocked. Learn more in the Issues tab.", source: https://student.me.northeastern.edu/ (0)
[16144:259:0327/215221.108899:INFO:CONSOLE(0)] "Third-party cookie will be blocked. Learn more in the Issues tab.", source: https://student.me.northeastern.edu/ (0)
[16144:259:0327/215221.109080:INFO:CONSOLE(0)] "Third-party cookie will be blocked. Learn more in the Issues tab.", source: https://student.me.northeastern.edu/ (0)
[16144:259:0327/215221.109090:INFO:CONSOLE(0)] "Third-party cookie will be blocked. Learn more in the Issues tab.", source: https://student.me.northeastern.edu/ (0)
[16144:259:0327/215221.109102:INFO:CONSOLE(0)] "Third-party cookie will be blocked. Learn more in the Issues tab.", source: https://student.me.northeastern.edu/ (0)
[16144:259:0327/215221.109110:INFO:CONSOLE(0)] "Third-party cookie will be blocked. Learn more in the Issues tab.", source: https://student.me.northeastern.edu/ (0)
[16144:259:0327/215221.109151:INFO:CONSOLE(0)] "Third-party cookie will be blocked. Learn more in the Issues tab.", source: https://student.me.northeastern.edu/ (0)
[16144:259:0327/215221.109160:INFO:CONSOLE(0)] "Third-party cookie will be blocked. Learn more in the Issues tab.", source: https://student.me.northeastern.edu/ (0)
[16144:259:0327/215221.109167:INFO:CONSOLE(0)] "Third-party cookie will be blocked. Learn more in the Issues tab.", source: https://student.me.northeastern.edu/ (0)
[16144:259:0327/215221.109176:INFO:CONSOLE(0)] "Third-party cookie will be blocked. Learn more in the Issues tab.", source: https://student.me.northeastern.edu/ (0)
[16144:259:0327/215221.109183:INFO:CONSOLE(0)] "Third-party cookie will be blocked. Learn more in the Issues tab.", source: https://student.me.northeastern.edu/ (0)
[16144:259:0327/215221.109197:INFO:CONSOLE(0)] "Third-party cookie will be blocked. Learn more in the Issues tab.", source: https://student.me.northeastern.edu/ (0)
[16144:259:0327/215221.109204:INFO:CONSOLE(0)] "Third-party cookie will be blocked. Learn more in the Issues tab.", source: https://student.me.northeastern.edu/ (0)
[16144:259:0327/215221.109229:INFO:CONSOLE(0)] "Third-party cookie will be blocked. Learn more in the Issues tab.", source: https://student.me.northeastern.edu/ (0)
[16144:259:0327/215221.186616:INFO:CONSOLE(14)] "Uncaught (in promise) BrowserAuthError: redirect_in_iframe: Redirects are not supported for iframed or brokered applications. Please ensure you are using MSAL.js in a top frame of the window if using the redirect APIs, or use the popup APIs.", source: https://student.me.northeastern.edu/_next/static/chunks/1806-46d4dc30bd3bee8d.js (14)
[16144:259:0327/215221.186715:INFO:CONSOLE(14)] "Uncaught (in promise) BrowserAuthError: redirect_in_iframe: Redirects are not supported for iframed or brokered applications. Please ensure you are using MSAL.js in a top frame of the window if using the redirect APIs, or use the popup APIs.", source: https://student.me.northeastern.edu/_next/static/chunks/1806-46d4dc30bd3bee8d.js (14)
[16144:259:0327/215221.186731:INFO:CONSOLE(14)] "Uncaught (in promise) BrowserAuthError: redirect_in_iframe: Redirects are not supported for iframed or brokered applications. Please ensure you are using MSAL.js in a top frame of the window if using the redirect APIs, or use the popup APIs.", source: https://student.me.northeastern.edu/_next/static/chunks/1806-46d4dc30bd3bee8d.js (14)
[16144:259:0327/215221.186967:INFO:CONSOLE(14)] "Uncaught (in promise) BrowserAuthError: redirect_in_iframe: Redirects are not supported for iframed or brokered applications. Please ensure you are using MSAL.js in a top frame of the window if using the redirect APIs, or use the popup APIs.", source: https://student.me.northeastern.edu/_next/static/chunks/1806-46d4dc30bd3bee8d.js (14)
[16144:259:0327/215221.186985:INFO:CONSOLE(14)] "Uncaught (in promise) BrowserAuthError: redirect_in_iframe: Redirects are not supported for iframed or brokered applications. Please ensure you are using MSAL.js in a top frame of the window if using the redirect APIs, or use the popup APIs.", source: https://student.me.northeastern.edu/_next/static/chunks/1806-46d4dc30bd3bee8d.js (14)
[16144:259:0327/215221.187026:INFO:CONSOLE(14)] "Uncaught (in promise) BrowserAuthError: redirect_in_iframe: Redirects are not supported for iframed or brokered applications. Please ensure you are using MSAL.js in a top frame of the window if using the redirect APIs, or use the popup APIs.", source: https://student.me.northeastern.edu/_next/static/chunks/1806-46d4dc30bd3bee8d.js (14)
[16144:259:0327/215221.187043:INFO:CONSOLE(14)] "Uncaught (in promise) BrowserAuthError: redirect_in_iframe: Redirects are not supported for iframed or brokered applications. Please ensure you are using MSAL.js in a top frame of the window if using the redirect APIs, or use the popup APIs.", source: https://student.me.northeastern.edu/_next/static/chunks/1806-46d4dc30bd3bee8d.js (14)
[16144:259:0327/215221.187102:INFO:CONSOLE(14)] "Uncaught (in promise) BrowserAuthError: redirect_in_iframe: Redirects are not supported for iframed or brokered applications. Please ensure you are using MSAL.js in a top frame of the window if using the redirect APIs, or use the popup APIs.", source: https://student.me.northeastern.edu/_next/static/chunks/1806-46d4dc30bd3bee8d.js (14)
[16144:259:0327/215221.192304:INFO:CONSOLE(0)] "An iframe which has both allow-scripts and allow-same-origin for its sandbox attribute can escape its sandboxing.", source: https://student.me.northeastern.edu/#code=0.AVkAgcLuqKOqrk2sm5o5i5IV5xVCynntEFpPlRpfORu054FZAII.AgABAAIAAADnfolhJpSnRYB1SVj-Hgd8AgDs_wUA9P8L-y_W0u9kbWcIS6ty7HQHyfhwOLA0wA0xUeRAkVrAX5AzYZi8Gk2bHh1jYjysVAaeFD2cLHG8t5f8voitLMCe7gKgSZ7CizD2fNFmRKIjObI617X5YHu4kirfcitNq-r1ZwIAKPu0amAY2lMj5qzWg7oRm8zX8MOrVO8luR68YjqcVcIbBq5RvzdDu6S3BZSnzszXMxmYFCwMFyyXEQOwyNZwonOQ5HmxGtDcZtwqcU8obX0aU-W6-IfhXbK_pKP7NTCtzvZEZXcJvelhixlhQucVIDM_Fo7zQygyDpftrX6x6gN7CgRdb-Gdy2422I5eAkojOX3SC-K2yTwPtHZDx2nrKnVWpBr5wlKof3gy-s3_pkKyLOck7e7VYLx5y0u8tfYTaPFjGLgW45uQcL01yDtv8WSlHHIOusAt4eLLLC0nn_kO8hZnOkcxziNMRK7p35XDMbuNg6ul7xdxC8RcdbFGUJ0Hq2nGnwpbiShY4i0-4HpjgqDAQGaknHFNYsrgcbKNUgt0WqfM4Ha8FKuWjPVLNVyWSXh1HIO_Nivau7j5L9dpPbfRPybqKZgx5ku2Lz5-XgJt4rLlPdLrmXvWbnhf-nRQXxn-TVS0pAdrt49bvv6_3ObizYpIW9yORHcmc56ATWkl4FRr06h7M8E_H_8G2NLIuetAnPyRkk-G4LyBy6ayXJHDklDwg59XWd3lXYkq0QlJuSmejLCWxXyyz7QB4TJVFIvR4rhCIKJ40K3v_eq3N-OdV-TICA-V6qoDaADQ62cfLeEPlW2OXsQMihchfC0V2jLNxrLtoz6UhjStPH1WtfioMfm-187gaoEmAkDlGj51iRtFp7qcQvuMQnL4kedIQv_9gf2yQKnndDdiJjlMNN6_aTMO48JU3CKGaVdGFOrrhEolHDO8w3Y7S-T6Fy8VnxK16WmwUQ&client_info=eyJ1aWQiOiI1ZjhlMDg0MC1mNjU1LTRlNDEtYTY2ZC02MWE4OGQyZjRjNmEiLCJ1dGlkIjoiYThlZWMyODEtYWFhMy00ZGFlLWFjOWItOWEzOThiOTIxNWU3In0&state=eyJpZCI6IjdjYjM5ZDQ0LTY0NTEtNDE1My04YWY4LWZjODYzNzM2OWI1MiIsIm1ldGEiOnsiaW50ZXJhY3Rpb25UeXBlIjoic2lsZW50In19&session_state=f526847d-e4b7-475a-aa13-42f14b7593fd (0)
[16144:259:0327/215221.194933:INFO:CONSOLE(0)] "Third-party cookie will be blocked. Learn more in the Issues tab.", source: https://student.me.northeastern.edu/ (0)
[16144:259:0327/215221.194976:INFO:CONSOLE(0)] "Third-party cookie will be blocked. Learn more in the Issues tab.", source: https://student.me.northeastern.edu/ (0)
[16144:259:0327/215221.194987:INFO:CONSOLE(0)] "Third-party cookie will be blocked. Learn more in the Issues tab.", source: https://student.me.northeastern.edu/ (0)
[16144:259:0327/215221.194996:INFO:CONSOLE(0)] "Third-party cookie will be blocked. Learn more in the Issues tab.", source: https://student.me.northeastern.edu/ (0)
[16144:259:0327/215221.195005:INFO:CONSOLE(0)] "Third-party cookie will be blocked. Learn more in the Issues tab.", source: https://student.me.northeastern.edu/ (0)
[16144:259:0327/215221.195073:INFO:CONSOLE(0)] "Third-party cookie will be blocked. Learn more in the Issues tab.", source: https://student.me.northeastern.edu/ (0)
[16144:259:0327/215221.195091:INFO:CONSOLE(0)] "Third-party cookie will be blocked. Learn more in the Issues tab.", source: https://student.me.northeastern.edu/ (0)
[16144:259:0327/215221.195102:INFO:CONSOLE(0)] "Third-party cookie will be blocked. Learn more in the Issues tab.", source: https://student.me.northeastern.edu/ (0)
[16144:259:0327/215221.195120:INFO:CONSOLE(0)] "Third-party cookie will be blocked. Learn more in the Issues tab.", source: https://student.me.northeastern.edu/ (0)
[16144:259:0327/215221.195144:INFO:CONSOLE(0)] "Third-party cookie will be blocked. Learn more in the Issues tab.", source: https://student.me.northeastern.edu/ (0)
[16144:259:0327/215221.195169:INFO:CONSOLE(0)] "Third-party cookie will be blocked. Learn more in the Issues tab.", source: https://student.me.northeastern.edu/ (0)
[16144:259:0327/215221.195223:INFO:CONSOLE(0)] "Third-party cookie will be blocked. Learn more in the Issues tab.", source: https://student.me.northeastern.edu/ (0)
[16144:259:0327/215221.195267:INFO:CONSOLE(0)] "Third-party cookie will be blocked. Learn more in the Issues tab.", source: https://student.me.northeastern.edu/ (0)
[16144:259:0327/215221.195315:INFO:CONSOLE(0)] "Third-party cookie will be blocked. Learn more in the Issues tab.", source: https://student.me.northeastern.edu/ (0)
[16144:259:0327/215221.195353:INFO:CONSOLE(0)] "Third-party cookie will be blocked. Learn more in the Issues tab.", source: https://student.me.northeastern.edu/ (0)
[16144:259:0327/215221.195366:INFO:CONSOLE(0)] "Third-party cookie will be blocked. Learn more in the Issues tab.", source: https://student.me.northeastern.edu/ (0)
[16144:259:0327/215221.195377:INFO:CONSOLE(0)] "Third-party cookie will be blocked. Learn more in the Issues tab.", source: https://student.me.northeastern.edu/ (0)
[16144:259:0327/215221.195421:INFO:CONSOLE(0)] "Third-party cookie will be blocked. Learn more in the Issues tab.", source: https://student.me.northeastern.edu/ (0)
[16144:259:0327/215221.195561:INFO:CONSOLE(0)] "Third-party cookie will be blocked. Learn more in the Issues tab.", source: https://student.me.northeastern.edu/ (0)
[16144:259:0327/215221.195576:INFO:CONSOLE(0)] "Third-party cookie will be blocked. Learn more in the Issues tab.", source: https://student.me.northeastern.edu/ (0)
[16144:259:0327/215221.195619:INFO:CONSOLE(0)] "Third-party cookie will be blocked. Learn more in the Issues tab.", source: https://student.me.northeastern.edu/ (0)
[16144:259:0327/215221.195672:INFO:CONSOLE(0)] "Third-party cookie will be blocked. Learn more in the Issues tab.", source: https://student.me.northeastern.edu/ (0)
[16144:259:0327/215221.195692:INFO:CONSOLE(0)] "Third-party cookie will be blocked. Learn more in the Issues tab.", source: https://student.me.northeastern.edu/ (0)
[16144:259:0327/215221.195703:INFO:CONSOLE(0)] "Third-party cookie will be blocked. Learn more in the Issues tab.", source: https://student.me.northeastern.edu/ (0)
[16144:259:0327/215221.195724:INFO:CONSOLE(0)] "Third-party cookie will be blocked. Learn more in the Issues tab.", source: https://student.me.northeastern.edu/ (0)
[16144:259:0327/215221.195733:INFO:CONSOLE(0)] "Third-party cookie will be blocked. Learn more in the Issues tab.", source: https://student.me.northeastern.edu/ (0)
[16144:259:0327/215222.196612:INFO:CONSOLE(1)] "No canvas calendar found", source: https://student.me.northeastern.edu/_next/static/chunks/app/page-d23a476a7f68cd68.js (1)
[16144:259:0327/215229.388560:WARNING:controller_impl.cc(1191)] Background download complete, client: 6, completion type: 0, file size:2222106
[16144:259:0327/215229.483891:WARNING:controller_impl.cc(1191)] Background download complete, client: 6, completion type: 0, file size:2747168
[16144:259:0327/215231.495945:INFO:CONSOLE(0)] "[DOM] Input elements should have autocomplete attributes (suggested: "current-password"): (More info: https://goo.gl/9p2vKq) %o", source: https://neuidmsso.neu.edu/idp/profile/cas/login?execution=e1s2 (0)
[16144:259:0327/215305.775222:WARNING:pref_notifier_impl.cc(41)] Pref observer for media_router.cast_allow_all_ips found at shutdown.
